{"/Users/lco47/Workspace/colearn/grow-with-freya/app/_layout.tsx": {"path":"/Users/lco47/Workspace/colearn/grow-with-freya/app/_layout.tsx","statementMap":{"0":{"start":{"line":15,"column":22},"end":{"line":15,"column":38}},"1":{"start":{"line":16,"column":67},"end":{"line":16,"column":80}},"2":{"start":{"line":17,"column":40},"end":{"line":17,"column":101}},"3":{"start":{"line":19,"column":2},"end":{"line":27,"column":43}},"4":{"start":{"line":20,"column":4},"end":{"line":26,"column":5}},"5":{"start":{"line":21,"column":6},"end":{"line":21,"column":31}},"6":{"start":{"line":22,"column":11},"end":{"line":26,"column":5}},"7":{"start":{"line":23,"column":6},"end":{"line":23,"column":35}},"8":{"start":{"line":25,"column":6},"end":{"line":25,"column":29}},"9":{"start":{"line":29,"column":35},"end":{"line":31,"column":3}},"10":{"start":{"line":30,"column":4},"end":{"line":30,"column":27}},"11":{"start":{"line":33,"column":33},"end":{"line":39,"column":3}},"12":{"start":{"line":34,"column":4},"end":{"line":37,"column":5}},"13":{"start":{"line":35,"column":6},"end":{"line":35,"column":29}},"14":{"start":{"line":36,"column":6},"end":{"line":36,"column":34}},"15":{"start":{"line":42,"column":2},"end":{"line":44,"column":3}},"16":{"start":{"line":43,"column":4},"end":{"line":43,"column":31}},"17":{"start":{"line":47,"column":2},"end":{"line":49,"column":3}},"18":{"start":{"line":48,"column":4},"end":{"line":48,"column":68}},"19":{"start":{"line":52,"column":2},"end":{"line":54,"column":3}},"20":{"start":{"line":53,"column":4},"end":{"line":53,"column":60}},"21":{"start":{"line":57,"column":2},"end":{"line":64,"column":4}}},"fnMap":{"0":{"name":"RootLayout","decl":{"start":{"line":14,"column":24},"end":{"line":14,"column":34}},"loc":{"start":{"line":14,"column":37},"end":{"line":65,"column":1}},"line":14},"1":{"name":"(anonymous_1)","decl":{"start":{"line":19,"column":12},"end":{"line":19,"column":13}},"loc":{"start":{"line":19,"column":18},"end":{"line":27,"column":3}},"line":19},"2":{"name":"(anonymous_2)","decl":{"start":{"line":29,"column":35},"end":{"line":29,"column":36}},"loc":{"start":{"line":29,"column":41},"end":{"line":31,"column":3}},"line":29},"3":{"name":"(anonymous_3)","decl":{"start":{"line":33,"column":33},"end":{"line":33,"column":34}},"loc":{"start":{"line":33,"column":58},"end":{"line":39,"column":3}},"line":33}},"branchMap":{"0":{"loc":{"start":{"line":20,"column":4},"end":{"line":26,"column":5}},"type":"if","locations":[{"start":{"line":20,"column":4},"end":{"line":26,"column":5}},{"start":{"line":22,"column":11},"end":{"line":26,"column":5}}],"line":20},"1":{"loc":{"start":{"line":22,"column":11},"end":{"line":26,"column":5}},"type":"if","locations":[{"start":{"line":22,"column":11},"end":{"line":26,"column":5}},{"start":{"line":24,"column":11},"end":{"line":26,"column":5}}],"line":22},"2":{"loc":{"start":{"line":34,"column":4},"end":{"line":37,"column":5}},"type":"if","locations":[{"start":{"line":34,"column":4},"end":{"line":37,"column":5}},{"start":{},"end":{}}],"line":34},"3":{"loc":{"start":{"line":42,"column":2},"end":{"line":44,"column":3}},"type":"if","locations":[{"start":{"line":42,"column":2},"end":{"line":44,"column":3}},{"start":{},"end":{}}],"line":42},"4":{"loc":{"start":{"line":47,"column":2},"end":{"line":49,"column":3}},"type":"if","locations":[{"start":{"line":47,"column":2},"end":{"line":49,"column":3}},{"start":{},"end":{}}],"line":47},"5":{"loc":{"start":{"line":52,"column":2},"end":{"line":54,"column":3}},"type":"if","locations":[{"start":{"line":52,"column":2},"end":{"line":54,"column":3}},{"start":{},"end":{}}],"line":52},"6":{"loc":{"start":{"line":58,"column":26},"end":{"line":58,"column":75}},"type":"cond-expr","locations":[{"start":{"line":58,"column":51},"end":{"line":58,"column":60}},{"start":{"line":58,"column":63},"end":{"line":58,"column":75}}],"line":58}},"s":{"0":0,"1":0,"2":0,"3":0,"4":0,"5":0,"6":0,"7":0,"8":0,"9":0,"10":0,"11":0,"12":0,"13":0,"14":0,"15":0,"16":0,"17":0,"18":0,"19":0,"20":0,"21":0},"f":{"0":0,"1":0,"2":0,"3":0},"b":{"0":[0,0],"1":[0,0],"2":[0,0],"3":[0,0],"4":[0,0],"5":[0,0],"6":[0,0]}}
,"/Users/lco47/Workspace/colearn/grow-with-freya/app/(tabs)/_layout.tsx": {"path":"/Users/lco47/Workspace/colearn/grow-with-freya/app/(tabs)/_layout.tsx","statementMap":{"0":{"start":{"line":9,"column":22},"end":{"line":9,"column":38}},"1":{"start":{"line":11,"column":2},"end":{"line":32,"column":4}},"2":{"start":{"line":21,"column":37},"end":{"line":21,"column":92}},"3":{"start":{"line":28,"column":37},"end":{"line":28,"column":96}}},"fnMap":{"0":{"name":"TabLayout","decl":{"start":{"line":8,"column":24},"end":{"line":8,"column":33}},"loc":{"start":{"line":8,"column":36},"end":{"line":33,"column":1}},"line":8},"1":{"name":"(anonymous_1)","decl":{"start":{"line":21,"column":22},"end":{"line":21,"column":23}},"loc":{"start":{"line":21,"column":37},"end":{"line":21,"column":92}},"line":21},"2":{"name":"(anonymous_2)","decl":{"start":{"line":28,"column":22},"end":{"line":28,"column":23}},"loc":{"start":{"line":28,"column":37},"end":{"line":28,"column":96}},"line":28}},"branchMap":{"0":{"loc":{"start":{"line":14,"column":38},"end":{"line":14,"column":60}},"type":"binary-expr","locations":[{"start":{"line":14,"column":38},"end":{"line":14,"column":49}},{"start":{"line":14,"column":53},"end":{"line":14,"column":60}}],"line":14}},"s":{"0":0,"1":0,"2":0,"3":0},"f":{"0":0,"1":0,"2":0},"b":{"0":[0,0]}}
,"/Users/lco47/Workspace/colearn/grow-with-freya/app/(tabs)/index.tsx": {"path":"/Users/lco47/Workspace/colearn/grow-with-freya/app/(tabs)/index.tsx","statementMap":{"0":{"start":{"line":7,"column":2},"end":{"line":17,"column":4}},"1":{"start":{"line":20,"column":15},"end":{"line":33,"column":2}}},"fnMap":{"0":{"name":"StoriesScreen","decl":{"start":{"line":6,"column":24},"end":{"line":6,"column":37}},"loc":{"start":{"line":6,"column":40},"end":{"line":18,"column":1}},"line":6}},"branchMap":{},"s":{"0":0,"1":0},"f":{"0":0},"b":{}}
,"/Users/lco47/Workspace/colearn/grow-with-freya/app/(tabs)/profiles.tsx": {"path":"/Users/lco47/Workspace/colearn/grow-with-freya/app/(tabs)/profiles.tsx","statementMap":{"0":{"start":{"line":7,"column":2},"end":{"line":17,"column":4}},"1":{"start":{"line":20,"column":15},"end":{"line":33,"column":2}}},"fnMap":{"0":{"name":"ProfilesScreen","decl":{"start":{"line":6,"column":24},"end":{"line":6,"column":38}},"loc":{"start":{"line":6,"column":41},"end":{"line":18,"column":1}},"line":6}},"branchMap":{},"s":{"0":0,"1":0},"f":{"0":0},"b":{}}
,"/Users/lco47/Workspace/colearn/grow-with-freya/components/main-menu.tsx": {"path":"/Users/lco47/Workspace/colearn/grow-with-freya/components/main-menu.tsx","statementMap":{"0":{"start":{"line":17,"column":26},"end":{"line":17,"column":50}},"1":{"start":{"line":32,"column":16},"end":{"line":32,"column":33}},"2":{"start":{"line":33,"column":19},"end":{"line":33,"column":36}},"3":{"start":{"line":35,"column":2},"end":{"line":46,"column":15}},"4":{"start":{"line":36,"column":4},"end":{"line":45,"column":5}},"5":{"start":{"line":38,"column":6},"end":{"line":44,"column":8}},"6":{"start":{"line":48,"column":24},"end":{"line":53,"column":5}},"7":{"start":{"line":48,"column":48},"end":{"line":53,"column":3}},"8":{"start":{"line":55,"column":22},"end":{"line":62,"column":3}},"9":{"start":{"line":56,"column":4},"end":{"line":61,"column":5}},"10":{"start":{"line":57,"column":6},"end":{"line":57,"column":62}},"11":{"start":{"line":58,"column":6},"end":{"line":58,"column":16}},"12":{"start":{"line":60,"column":6},"end":{"line":60,"column":74}},"13":{"start":{"line":64,"column":22},"end":{"line":73,"column":3}},"14":{"start":{"line":65,"column":47},"end":{"line":71,"column":5}},"15":{"start":{"line":72,"column":4},"end":{"line":72,"column":44}},"16":{"start":{"line":75,"column":2},"end":{"line":98,"column":4}},"17":{"start":{"line":78,"column":32},"end":{"line":82,"column":9}},"18":{"start":{"line":102,"column":23},"end":{"line":102,"column":40}},"19":{"start":{"line":103,"column":21},"end":{"line":103,"column":38}},"20":{"start":{"line":105,"column":2},"end":{"line":120,"column":9}},"21":{"start":{"line":107,"column":4},"end":{"line":110,"column":6}},"22":{"start":{"line":113,"column":4},"end":{"line":119,"column":6}},"23":{"start":{"line":122,"column":28},"end":{"line":124,"column":5}},"24":{"start":{"line":122,"column":52},"end":{"line":124,"column":3}},"25":{"start":{"line":126,"column":29},"end":{"line":128,"column":5}},"26":{"start":{"line":126,"column":53},"end":{"line":128,"column":3}},"27":{"start":{"line":130,"column":20},"end":{"line":136,"column":3}},"28":{"start":{"line":138,"column":2},"end":{"line":213,"column":4}},"29":{"start":{"line":147,"column":10},"end":{"line":158,"column":12}},"30":{"start":{"line":179,"column":25},"end":{"line":179,"column":55}},"31":{"start":{"line":186,"column":25},"end":{"line":186,"column":47}},"32":{"start":{"line":195,"column":10},"end":{"line":202,"column":12}},"33":{"start":{"line":201,"column":27},"end":{"line":201,"column":55}},"34":{"start":{"line":216,"column":15},"end":{"line":331,"column":2}}},"fnMap":{"0":{"name":"MenuIcon","decl":{"start":{"line":31,"column":9},"end":{"line":31,"column":17}},"loc":{"start":{"line":31,"column":77},"end":{"line":99,"column":1}},"line":31},"1":{"name":"(anonymous_1)","decl":{"start":{"line":35,"column":18},"end":{"line":35,"column":19}},"loc":{"start":{"line":35,"column":24},"end":{"line":46,"column":3}},"line":35},"2":{"name":"(anonymous_2)","decl":{"start":{"line":48,"column":41},"end":{"line":48,"column":42}},"loc":{"start":{"line":48,"column":48},"end":{"line":53,"column":3}},"line":48},"3":{"name":"(anonymous_3)","decl":{"start":{"line":55,"column":22},"end":{"line":55,"column":23}},"loc":{"start":{"line":55,"column":28},"end":{"line":62,"column":3}},"line":55},"4":{"name":"(anonymous_4)","decl":{"start":{"line":64,"column":22},"end":{"line":64,"column":23}},"loc":{"start":{"line":64,"column":44},"end":{"line":73,"column":3}},"line":64},"5":{"name":"(anonymous_5)","decl":{"start":{"line":78,"column":15},"end":{"line":78,"column":16}},"loc":{"start":{"line":78,"column":32},"end":{"line":82,"column":9}},"line":78},"6":{"name":"MainMenu","decl":{"start":{"line":101,"column":16},"end":{"line":101,"column":24}},"loc":{"start":{"line":101,"column":56},"end":{"line":214,"column":1}},"line":101},"7":{"name":"(anonymous_7)","decl":{"start":{"line":105,"column":18},"end":{"line":105,"column":19}},"loc":{"start":{"line":105,"column":24},"end":{"line":120,"column":3}},"line":105},"8":{"name":"(anonymous_8)","decl":{"start":{"line":122,"column":45},"end":{"line":122,"column":46}},"loc":{"start":{"line":122,"column":52},"end":{"line":124,"column":3}},"line":122},"9":{"name":"(anonymous_9)","decl":{"start":{"line":126,"column":46},"end":{"line":126,"column":47}},"loc":{"start":{"line":126,"column":53},"end":{"line":128,"column":3}},"line":126},"10":{"name":"(anonymous_10)","decl":{"start":{"line":146,"column":28},"end":{"line":146,"column":29}},"loc":{"start":{"line":147,"column":10},"end":{"line":158,"column":12}},"line":147},"11":{"name":"(anonymous_11)","decl":{"start":{"line":179,"column":19},"end":{"line":179,"column":20}},"loc":{"start":{"line":179,"column":25},"end":{"line":179,"column":55}},"line":179},"12":{"name":"(anonymous_12)","decl":{"start":{"line":186,"column":19},"end":{"line":186,"column":20}},"loc":{"start":{"line":186,"column":25},"end":{"line":186,"column":47}},"line":186},"13":{"name":"(anonymous_13)","decl":{"start":{"line":194,"column":23},"end":{"line":194,"column":24}},"loc":{"start":{"line":195,"column":10},"end":{"line":202,"column":12}},"line":195},"14":{"name":"(anonymous_14)","decl":{"start":{"line":201,"column":21},"end":{"line":201,"column":22}},"loc":{"start":{"line":201,"column":27},"end":{"line":201,"column":55}},"line":201}},"branchMap":{"0":{"loc":{"start":{"line":36,"column":4},"end":{"line":45,"column":5}},"type":"if","locations":[{"start":{"line":36,"column":4},"end":{"line":45,"column":5}},{"start":{},"end":{}}],"line":36},"1":{"loc":{"start":{"line":56,"column":4},"end":{"line":61,"column":5}},"type":"if","locations":[{"start":{"line":56,"column":4},"end":{"line":61,"column":5}},{"start":{"line":59,"column":11},"end":{"line":61,"column":5}}],"line":56},"2":{"loc":{"start":{"line":72,"column":11},"end":{"line":72,"column":43}},"type":"binary-expr","locations":[{"start":{"line":72,"column":11},"end":{"line":72,"column":28}},{"start":{"line":72,"column":32},"end":{"line":72,"column":43}}],"line":72},"3":{"loc":{"start":{"line":80,"column":10},"end":{"line":80,"column":58}},"type":"binary-expr","locations":[{"start":{"line":80,"column":10},"end":{"line":80,"column":31}},{"start":{"line":80,"column":35},"end":{"line":80,"column":58}}],"line":80},"4":{"loc":{"start":{"line":81,"column":10},"end":{"line":81,"column":43}},"type":"binary-expr","locations":[{"start":{"line":81,"column":10},"end":{"line":81,"column":17}},{"start":{"line":81,"column":21},"end":{"line":81,"column":43}}],"line":81},"5":{"loc":{"start":{"line":88,"column":17},"end":{"line":88,"column":74}},"type":"cond-expr","locations":[{"start":{"line":88,"column":53},"end":{"line":88,"column":62}},{"start":{"line":88,"column":65},"end":{"line":88,"column":74}}],"line":88},"6":{"loc":{"start":{"line":92,"column":10},"end":{"line":92,"column":63}},"type":"binary-expr","locations":[{"start":{"line":92,"column":10},"end":{"line":92,"column":31}},{"start":{"line":92,"column":35},"end":{"line":92,"column":63}}],"line":92}},"s":{"0":0,"1":0,"2":0,"3":0,"4":0,"5":0,"6":0,"7":0,"8":0,"9":0,"10":0,"11":0,"12":0,"13":0,"14":0,"15":0,"16":0,"17":0,"18":0,"19":0,"20":0,"21":0,"22":0,"23":0,"24":0,"25":0,"26":0,"27":0,"28":0,"29":0,"30":0,"31":0,"32":0,"33":0,"34":0},"f":{"0":0,"1":0,"2":0,"3":0,"4":0,"5":0,"6":0,"7":0,"8":0,"9":0,"10":0,"11":0,"12":0,"13":0,"14":0},"b":{"0":[0,0],"1":[0,0],"2":[0,0],"3":[0,0],"4":[0,0],"5":[0,0],"6":[0,0]}}
,"/Users/lco47/Workspace/colearn/grow-with-freya/components/splash-screen.tsx": {"path":"/Users/lco47/Workspace/colearn/grow-with-freya/components/splash-screen.tsx","statementMap":{"0":{"start":{"line":18,"column":26},"end":{"line":18,"column":50}},"1":{"start":{"line":20,"column":0},"end":{"line":20,"column":36}},"2":{"start":{"line":23,"column":26},"end":{"line":23,"column":39}},"3":{"start":{"line":25,"column":20},"end":{"line":25,"column":39}},"4":{"start":{"line":26,"column":22},"end":{"line":26,"column":39}},"5":{"start":{"line":27,"column":22},"end":{"line":27,"column":39}},"6":{"start":{"line":28,"column":23},"end":{"line":28,"column":40}},"7":{"start":{"line":30,"column":2},"end":{"line":63,"column":9}},"8":{"start":{"line":32,"column":6},"end":{"line":59,"column":7}},"9":{"start":{"line":33,"column":8},"end":{"line":33,"column":33}},"10":{"start":{"line":35,"column":8},"end":{"line":35,"column":62}},"11":{"start":{"line":36,"column":8},"end":{"line":39,"column":11}},"12":{"start":{"line":41,"column":8},"end":{"line":43,"column":16}},"13":{"start":{"line":42,"column":10},"end":{"line":42,"column":63}},"14":{"start":{"line":45,"column":8},"end":{"line":48,"column":10}},"15":{"start":{"line":50,"column":8},"end":{"line":50,"column":64}},"16":{"start":{"line":50,"column":37},"end":{"line":50,"column":62}},"17":{"start":{"line":52,"column":8},"end":{"line":52,"column":39}},"18":{"start":{"line":53,"column":8},"end":{"line":53,"column":26}},"19":{"start":{"line":56,"column":8},"end":{"line":56,"column":24}},"20":{"start":{"line":57,"column":8},"end":{"line":57,"column":39}},"21":{"start":{"line":58,"column":8},"end":{"line":58,"column":26}},"22":{"start":{"line":62,"column":4},"end":{"line":62,"column":14}},"23":{"start":{"line":65,"column":28},"end":{"line":68,"column":5}},"24":{"start":{"line":65,"column":52},"end":{"line":68,"column":3}},"25":{"start":{"line":70,"column":28},"end":{"line":72,"column":5}},"26":{"start":{"line":70,"column":52},"end":{"line":72,"column":3}},"27":{"start":{"line":74,"column":28},"end":{"line":76,"column":5}},"28":{"start":{"line":74,"column":52},"end":{"line":76,"column":3}},"29":{"start":{"line":78,"column":2},"end":{"line":119,"column":4}},"30":{"start":{"line":85,"column":10},"end":{"line":96,"column":12}},"31":{"start":{"line":122,"column":15},"end":{"line":183,"column":2}}},"fnMap":{"0":{"name":"AppSplashScreen","decl":{"start":{"line":22,"column":16},"end":{"line":22,"column":31}},"loc":{"start":{"line":22,"column":34},"end":{"line":120,"column":1}},"line":22},"1":{"name":"(anonymous_1)","decl":{"start":{"line":30,"column":12},"end":{"line":30,"column":13}},"loc":{"start":{"line":30,"column":18},"end":{"line":63,"column":3}},"line":30},"2":{"name":"prepare","decl":{"start":{"line":31,"column":19},"end":{"line":31,"column":26}},"loc":{"start":{"line":31,"column":29},"end":{"line":60,"column":5}},"line":31},"3":{"name":"(anonymous_3)","decl":{"start":{"line":41,"column":19},"end":{"line":41,"column":20}},"loc":{"start":{"line":41,"column":25},"end":{"line":43,"column":9}},"line":41},"4":{"name":"(anonymous_4)","decl":{"start":{"line":50,"column":26},"end":{"line":50,"column":27}},"loc":{"start":{"line":50,"column":37},"end":{"line":50,"column":62}},"line":50},"5":{"name":"(anonymous_5)","decl":{"start":{"line":65,"column":45},"end":{"line":65,"column":46}},"loc":{"start":{"line":65,"column":52},"end":{"line":68,"column":3}},"line":65},"6":{"name":"(anonymous_6)","decl":{"start":{"line":70,"column":45},"end":{"line":70,"column":46}},"loc":{"start":{"line":70,"column":52},"end":{"line":72,"column":3}},"line":70},"7":{"name":"(anonymous_7)","decl":{"start":{"line":74,"column":45},"end":{"line":74,"column":46}},"loc":{"start":{"line":74,"column":52},"end":{"line":76,"column":3}},"line":74},"8":{"name":"(anonymous_8)","decl":{"start":{"line":84,"column":28},"end":{"line":84,"column":29}},"loc":{"start":{"line":85,"column":10},"end":{"line":96,"column":12}},"line":85}},"branchMap":{},"s":{"0":0,"1":0,"2":0,"3":0,"4":0,"5":0,"6":0,"7":0,"8":0,"9":0,"10":0,"11":0,"12":0,"13":0,"14":0,"15":0,"16":0,"17":0,"18":0,"19":0,"20":0,"21":0,"22":0,"23":0,"24":0,"25":0,"26":0,"27":0,"28":0,"29":0,"30":0,"31":0},"f":{"0":0,"1":0,"2":0,"3":0,"4":0,"5":0,"6":0,"7":0,"8":0},"b":{}}
,"/Users/lco47/Workspace/colearn/grow-with-freya/components/themed-text.tsx": {"path":"/Users/lco47/Workspace/colearn/grow-with-freya/components/themed-text.tsx","statementMap":{"0":{"start":{"line":18,"column":16},"end":{"line":18,"column":77}},"1":{"start":{"line":20,"column":2},"end":{"line":33,"column":4}},"2":{"start":{"line":36,"column":15},"end":{"line":60,"column":2}}},"fnMap":{"0":{"name":"ThemedText","decl":{"start":{"line":11,"column":16},"end":{"line":11,"column":26}},"loc":{"start":{"line":17,"column":20},"end":{"line":34,"column":1}},"line":17}},"branchMap":{"0":{"loc":{"start":{"line":15,"column":2},"end":{"line":15,"column":18}},"type":"default-arg","locations":[{"start":{"line":15,"column":9},"end":{"line":15,"column":18}}],"line":15},"1":{"loc":{"start":{"line":24,"column":8},"end":{"line":24,"column":55}},"type":"cond-expr","locations":[{"start":{"line":24,"column":29},"end":{"line":24,"column":43}},{"start":{"line":24,"column":46},"end":{"line":24,"column":55}}],"line":24},"2":{"loc":{"start":{"line":25,"column":8},"end":{"line":25,"column":51}},"type":"cond-expr","locations":[{"start":{"line":25,"column":27},"end":{"line":25,"column":39}},{"start":{"line":25,"column":42},"end":{"line":25,"column":51}}],"line":25},"3":{"loc":{"start":{"line":26,"column":8},"end":{"line":26,"column":71}},"type":"cond-expr","locations":[{"start":{"line":26,"column":37},"end":{"line":26,"column":59}},{"start":{"line":26,"column":62},"end":{"line":26,"column":71}}],"line":26},"4":{"loc":{"start":{"line":27,"column":8},"end":{"line":27,"column":57}},"type":"cond-expr","locations":[{"start":{"line":27,"column":30},"end":{"line":27,"column":45}},{"start":{"line":27,"column":48},"end":{"line":27,"column":57}}],"line":27},"5":{"loc":{"start":{"line":28,"column":8},"end":{"line":28,"column":49}},"type":"cond-expr","locations":[{"start":{"line":28,"column":26},"end":{"line":28,"column":37}},{"start":{"line":28,"column":40},"end":{"line":28,"column":49}}],"line":28}},"s":{"0":71,"1":71,"2":1},"f":{"0":71},"b":{"0":[61],"1":[61,10],"2":[10,61],"3":[0,71],"4":[0,71],"5":[0,71]},"_coverageSchema":"1a1c01bbd47fc00a2c39e90264f33305004495a9","hash":"337a212b377f0b46c3c6cb9308d2df2dc0e9cc74"}
,"/Users/lco47/Workspace/colearn/grow-with-freya/components/themed-view.tsx": {"path":"/Users/lco47/Workspace/colearn/grow-with-freya/components/themed-view.tsx","statementMap":{"0":{"start":{"line":11,"column":26},"end":{"line":11,"column":93}},"1":{"start":{"line":13,"column":2},"end":{"line":13,"column":71}}},"fnMap":{"0":{"name":"ThemedView","decl":{"start":{"line":10,"column":16},"end":{"line":10,"column":26}},"loc":{"start":{"line":10,"column":93},"end":{"line":14,"column":1}},"line":10}},"branchMap":{},"s":{"0":0,"1":0},"f":{"0":0},"b":{}}
,"/Users/lco47/Workspace/colearn/grow-with-freya/components/onboarding/onboarding-flow.tsx": {"path":"/Users/lco47/Workspace/colearn/grow-with-freya/components/onboarding/onboarding-flow.tsx","statementMap":{"0":{"start":{"line":10,"column":40},"end":{"line":10,"column":51}},"1":{"start":{"line":11,"column":48},"end":{"line":11,"column":63}},"2":{"start":{"line":12,"column":36},"end":{"line":12,"column":49}},"3":{"start":{"line":14,"column":28},"end":{"line":45,"column":3}},"4":{"start":{"line":47,"column":21},"end":{"line":59,"column":3}},"5":{"start":{"line":48,"column":4},"end":{"line":48,"column":29}},"6":{"start":{"line":50,"column":4},"end":{"line":58,"column":12}},"7":{"start":{"line":51,"column":6},"end":{"line":56,"column":7}},"8":{"start":{"line":52,"column":8},"end":{"line":52,"column":40}},"9":{"start":{"line":54,"column":8},"end":{"line":54,"column":36}},"10":{"start":{"line":55,"column":8},"end":{"line":55,"column":21}},"11":{"start":{"line":57,"column":6},"end":{"line":57,"column":32}},"12":{"start":{"line":61,"column":25},"end":{"line":69,"column":3}},"13":{"start":{"line":62,"column":4},"end":{"line":68,"column":5}},"14":{"start":{"line":63,"column":6},"end":{"line":63,"column":31}},"15":{"start":{"line":64,"column":6},"end":{"line":67,"column":14}},"16":{"start":{"line":65,"column":8},"end":{"line":65,"column":40}},"17":{"start":{"line":66,"column":8},"end":{"line":66,"column":34}},"18":{"start":{"line":71,"column":24},"end":{"line":71,"column":54}},"19":{"start":{"line":73,"column":2},"end":{"line":85,"column":4}}},"fnMap":{"0":{"name":"OnboardingFlow","decl":{"start":{"line":9,"column":16},"end":{"line":9,"column":30}},"loc":{"start":{"line":9,"column":68},"end":{"line":86,"column":1}},"line":9},"1":{"name":"(anonymous_1)","decl":{"start":{"line":47,"column":21},"end":{"line":47,"column":22}},"loc":{"start":{"line":47,"column":27},"end":{"line":59,"column":3}},"line":47},"2":{"name":"(anonymous_2)","decl":{"start":{"line":50,"column":15},"end":{"line":50,"column":16}},"loc":{"start":{"line":50,"column":21},"end":{"line":58,"column":5}},"line":50},"3":{"name":"(anonymous_3)","decl":{"start":{"line":61,"column":25},"end":{"line":61,"column":26}},"loc":{"start":{"line":61,"column":31},"end":{"line":69,"column":3}},"line":61},"4":{"name":"(anonymous_4)","decl":{"start":{"line":64,"column":17},"end":{"line":64,"column":18}},"loc":{"start":{"line":64,"column":23},"end":{"line":67,"column":7}},"line":64}},"branchMap":{"0":{"loc":{"start":{"line":51,"column":6},"end":{"line":56,"column":7}},"type":"if","locations":[{"start":{"line":51,"column":6},"end":{"line":56,"column":7}},{"start":{"line":53,"column":13},"end":{"line":56,"column":7}}],"line":51},"1":{"loc":{"start":{"line":62,"column":4},"end":{"line":68,"column":5}},"type":"if","locations":[{"start":{"line":62,"column":4},"end":{"line":68,"column":5}},{"start":{},"end":{}}],"line":62}},"s":{"0":18,"1":18,"2":18,"3":18,"4":18,"5":0,"6":0,"7":0,"8":0,"9":0,"10":0,"11":0,"12":18,"13":0,"14":0,"15":0,"16":0,"17":0,"18":18,"19":18},"f":{"0":18,"1":0,"2":0,"3":0,"4":0},"b":{"0":[0,0],"1":[0,0]},"_coverageSchema":"1a1c01bbd47fc00a2c39e90264f33305004495a9","hash":"e94996c5cf6d3475c97a98c00be8647fe26f6478"}
,"/Users/lco47/Workspace/colearn/grow-with-freya/components/onboarding/onboarding-screen.tsx": {"path":"/Users/lco47/Workspace/colearn/grow-with-freya/components/onboarding/onboarding-screen.tsx","statementMap":{"0":{"start":{"line":18,"column":26},"end":{"line":18,"column":50}},"1":{"start":{"line":44,"column":22},"end":{"line":44,"column":39}},"2":{"start":{"line":45,"column":22},"end":{"line":45,"column":39}},"3":{"start":{"line":46,"column":25},"end":{"line":46,"column":43}},"4":{"start":{"line":47,"column":23},"end":{"line":47,"column":40}},"5":{"start":{"line":48,"column":26},"end":{"line":48,"column":44}},"6":{"start":{"line":49,"column":24},"end":{"line":49,"column":41}},"7":{"start":{"line":50,"column":27},"end":{"line":50,"column":45}},"8":{"start":{"line":52,"column":2},"end":{"line":68,"column":20}},"9":{"start":{"line":53,"column":4},"end":{"line":53,"column":26}},"10":{"start":{"line":54,"column":4},"end":{"line":54,"column":30}},"11":{"start":{"line":55,"column":4},"end":{"line":55,"column":27}},"12":{"start":{"line":56,"column":4},"end":{"line":56,"column":31}},"13":{"start":{"line":57,"column":4},"end":{"line":57,"column":28}},"14":{"start":{"line":58,"column":4},"end":{"line":58,"column":32}},"15":{"start":{"line":60,"column":4},"end":{"line":60,"column":107}},"16":{"start":{"line":61,"column":4},"end":{"line":61,"column":110}},"17":{"start":{"line":63,"column":4},"end":{"line":63,"column":112}},"18":{"start":{"line":64,"column":4},"end":{"line":64,"column":115}},"19":{"start":{"line":66,"column":4},"end":{"line":66,"column":113}},"20":{"start":{"line":67,"column":4},"end":{"line":67,"column":116}},"21":{"start":{"line":70,"column":21},"end":{"line":76,"column":3}},"22":{"start":{"line":71,"column":4},"end":{"line":71,"column":59}},"23":{"start":{"line":72,"column":4},"end":{"line":74,"column":7}},"24":{"start":{"line":73,"column":6},"end":{"line":73,"column":59}},"25":{"start":{"line":75,"column":4},"end":{"line":75,"column":13}},"26":{"start":{"line":78,"column":25},"end":{"line":83,"column":3}},"27":{"start":{"line":79,"column":4},"end":{"line":82,"column":5}},"28":{"start":{"line":80,"column":6},"end":{"line":80,"column":61}},"29":{"start":{"line":81,"column":6},"end":{"line":81,"column":19}},"30":{"start":{"line":85,"column":23},"end":{"line":101,"column":4}},"31":{"start":{"line":87,"column":6},"end":{"line":87,"column":101}},"32":{"start":{"line":90,"column":25},"end":{"line":90,"column":37}},"33":{"start":{"line":92,"column":6},"end":{"line":99,"column":7}},"34":{"start":{"line":93,"column":8},"end":{"line":95,"column":9}},"35":{"start":{"line":94,"column":10},"end":{"line":94,"column":27}},"36":{"start":{"line":97,"column":11},"end":{"line":99,"column":7}},"37":{"start":{"line":98,"column":8},"end":{"line":98,"column":21}},"38":{"start":{"line":103,"column":30},"end":{"line":105,"column":5}},"39":{"start":{"line":103,"column":54},"end":{"line":105,"column":3}},"40":{"start":{"line":107,"column":28},"end":{"line":110,"column":5}},"41":{"start":{"line":107,"column":52},"end":{"line":110,"column":3}},"42":{"start":{"line":112,"column":29},"end":{"line":115,"column":5}},"43":{"start":{"line":112,"column":53},"end":{"line":115,"column":3}},"44":{"start":{"line":117,"column":39},"end":{"line":120,"column":5}},"45":{"start":{"line":117,"column":63},"end":{"line":120,"column":3}},"46":{"start":{"line":122,"column":34},"end":{"line":155,"column":3}},"47":{"start":{"line":123,"column":27},"end":{"line":144,"column":5}},"48":{"start":{"line":146,"column":17},"end":{"line":146,"column":41}},"49":{"start":{"line":147,"column":4},"end":{"line":147,"column":27}},"50":{"start":{"line":147,"column":15},"end":{"line":147,"column":27}},"51":{"start":{"line":149,"column":4},"end":{"line":154,"column":6}},"52":{"start":{"line":157,"column":35},"end":{"line":209,"column":3}},"53":{"start":{"line":158,"column":31},"end":{"line":164,"column":5}},"54":{"start":{"line":166,"column":21},"end":{"line":166,"column":33}},"55":{"start":{"line":168,"column":4},"end":{"line":170,"column":5}},"56":{"start":{"line":169,"column":6},"end":{"line":169,"column":16}},"57":{"start":{"line":172,"column":32},"end":{"line":178,"column":5}},"58":{"start":{"line":180,"column":21},"end":{"line":180,"column":56}},"59":{"start":{"line":182,"column":4},"end":{"line":208,"column":7}},"60":{"start":{"line":183,"column":28},"end":{"line":183,"column":57}},"61":{"start":{"line":184,"column":24},"end":{"line":189,"column":7}},"62":{"start":{"line":191,"column":23},"end":{"line":191,"column":55}},"63":{"start":{"line":193,"column":6},"end":{"line":207,"column":8}},"64":{"start":{"line":211,"column":33},"end":{"line":252,"column":3}},"65":{"start":{"line":212,"column":21},"end":{"line":212,"column":33}},"66":{"start":{"line":214,"column":4},"end":{"line":216,"column":5}},"67":{"start":{"line":215,"column":6},"end":{"line":215,"column":18}},"68":{"start":{"line":218,"column":17},"end":{"line":222,"column":5}},"69":{"start":{"line":224,"column":4},"end":{"line":251,"column":6}},"70":{"start":{"line":227,"column":28},"end":{"line":231,"column":11}},"71":{"start":{"line":233,"column":10},"end":{"line":248,"column":12}},"72":{"start":{"line":254,"column":29},"end":{"line":270,"column":3}},"73":{"start":{"line":255,"column":55},"end":{"line":261,"column":5}},"74":{"start":{"line":263,"column":20},"end":{"line":263,"column":60}},"75":{"start":{"line":265,"column":4},"end":{"line":269,"column":6}},"76":{"start":{"line":272,"column":2},"end":{"line":362,"column":4}},"77":{"start":{"line":283,"column":12},"end":{"line":289,"column":14}},"78":{"start":{"line":343,"column":36},"end":{"line":346,"column":13}},"79":{"start":{"line":365,"column":15},"end":{"line":551,"column":2}}},"fnMap":{"0":{"name":"OnboardingScreen","decl":{"start":{"line":32,"column":16},"end":{"line":32,"column":32}},"loc":{"start":{"line":42,"column":26},"end":{"line":363,"column":1}},"line":42},"1":{"name":"(anonymous_1)","decl":{"start":{"line":52,"column":12},"end":{"line":52,"column":13}},"loc":{"start":{"line":52,"column":18},"end":{"line":68,"column":3}},"line":52},"2":{"name":"(anonymous_2)","decl":{"start":{"line":70,"column":21},"end":{"line":70,"column":22}},"loc":{"start":{"line":70,"column":27},"end":{"line":76,"column":3}},"line":70},"3":{"name":"(anonymous_3)","decl":{"start":{"line":72,"column":60},"end":{"line":72,"column":61}},"loc":{"start":{"line":72,"column":66},"end":{"line":74,"column":5}},"line":72},"4":{"name":"(anonymous_4)","decl":{"start":{"line":78,"column":25},"end":{"line":78,"column":26}},"loc":{"start":{"line":78,"column":31},"end":{"line":83,"column":3}},"line":78},"5":{"name":"(anonymous_5)","decl":{"start":{"line":86,"column":33},"end":{"line":86,"column":34}},"loc":{"start":{"line":86,"column":54},"end":{"line":88,"column":5}},"line":86},"6":{"name":"(anonymous_6)","decl":{"start":{"line":89,"column":27},"end":{"line":89,"column":28}},"loc":{"start":{"line":89,"column":48},"end":{"line":100,"column":5}},"line":89},"7":{"name":"(anonymous_7)","decl":{"start":{"line":103,"column":47},"end":{"line":103,"column":48}},"loc":{"start":{"line":103,"column":54},"end":{"line":105,"column":3}},"line":103},"8":{"name":"(anonymous_8)","decl":{"start":{"line":107,"column":45},"end":{"line":107,"column":46}},"loc":{"start":{"line":107,"column":52},"end":{"line":110,"column":3}},"line":107},"9":{"name":"(anonymous_9)","decl":{"start":{"line":112,"column":46},"end":{"line":112,"column":47}},"loc":{"start":{"line":112,"column":53},"end":{"line":115,"column":3}},"line":112},"10":{"name":"(anonymous_10)","decl":{"start":{"line":117,"column":56},"end":{"line":117,"column":57}},"loc":{"start":{"line":117,"column":63},"end":{"line":120,"column":3}},"line":117},"11":{"name":"(anonymous_11)","decl":{"start":{"line":122,"column":34},"end":{"line":122,"column":35}},"loc":{"start":{"line":122,"column":52},"end":{"line":155,"column":3}},"line":122},"12":{"name":"(anonymous_12)","decl":{"start":{"line":157,"column":35},"end":{"line":157,"column":36}},"loc":{"start":{"line":157,"column":53},"end":{"line":209,"column":3}},"line":157},"13":{"name":"(anonymous_13)","decl":{"start":{"line":182,"column":24},"end":{"line":182,"column":25}},"loc":{"start":{"line":182,"column":42},"end":{"line":208,"column":5}},"line":182},"14":{"name":"(anonymous_14)","decl":{"start":{"line":211,"column":33},"end":{"line":211,"column":34}},"loc":{"start":{"line":211,"column":39},"end":{"line":252,"column":3}},"line":211},"15":{"name":"(anonymous_15)","decl":{"start":{"line":226,"column":18},"end":{"line":226,"column":19}},"loc":{"start":{"line":226,"column":34},"end":{"line":249,"column":9}},"line":226},"16":{"name":"(anonymous_16)","decl":{"start":{"line":254,"column":29},"end":{"line":254,"column":30}},"loc":{"start":{"line":254,"column":50},"end":{"line":270,"column":3}},"line":254},"17":{"name":"(anonymous_17)","decl":{"start":{"line":282,"column":38},"end":{"line":282,"column":39}},"loc":{"start":{"line":283,"column":12},"end":{"line":289,"column":14}},"line":283},"18":{"name":"(anonymous_18)","decl":{"start":{"line":343,"column":19},"end":{"line":343,"column":20}},"loc":{"start":{"line":343,"column":36},"end":{"line":346,"column":13}},"line":343}},"branchMap":{"0":{"loc":{"start":{"line":41,"column":2},"end":{"line":41,"column":25}},"type":"default-arg","locations":[{"start":{"line":41,"column":20},"end":{"line":41,"column":25}}],"line":41},"1":{"loc":{"start":{"line":79,"column":4},"end":{"line":82,"column":5}},"type":"if","locations":[{"start":{"line":79,"column":4},"end":{"line":82,"column":5}},{"start":{},"end":{}}],"line":79},"2":{"loc":{"start":{"line":79,"column":8},"end":{"line":79,"column":37}},"type":"binary-expr","locations":[{"start":{"line":79,"column":8},"end":{"line":79,"column":18}},{"start":{"line":79,"column":22},"end":{"line":79,"column":37}}],"line":79},"3":{"loc":{"start":{"line":87,"column":13},"end":{"line":87,"column":100}},"type":"binary-expr","locations":[{"start":{"line":87,"column":13},"end":{"line":87,"column":66}},{"start":{"line":87,"column":70},"end":{"line":87,"column":100}}],"line":87},"4":{"loc":{"start":{"line":92,"column":6},"end":{"line":99,"column":7}},"type":"if","locations":[{"start":{"line":92,"column":6},"end":{"line":99,"column":7}},{"start":{"line":97,"column":11},"end":{"line":99,"column":7}}],"line":92},"5":{"loc":{"start":{"line":92,"column":10},"end":{"line":92,"column":29}},"type":"binary-expr","locations":[{"start":{"line":92,"column":10},"end":{"line":92,"column":17}},{"start":{"line":92,"column":21},"end":{"line":92,"column":29}}],"line":92},"6":{"loc":{"start":{"line":93,"column":8},"end":{"line":95,"column":9}},"type":"if","locations":[{"start":{"line":93,"column":8},"end":{"line":95,"column":9}},{"start":{},"end":{}}],"line":93},"7":{"loc":{"start":{"line":93,"column":12},"end":{"line":93,"column":41}},"type":"binary-expr","locations":[{"start":{"line":93,"column":12},"end":{"line":93,"column":27}},{"start":{"line":93,"column":31},"end":{"line":93,"column":41}}],"line":93},"8":{"loc":{"start":{"line":97,"column":11},"end":{"line":99,"column":7}},"type":"if","locations":[{"start":{"line":97,"column":11},"end":{"line":99,"column":7}},{"start":{},"end":{}}],"line":97},"9":{"loc":{"start":{"line":97,"column":15},"end":{"line":97,"column":36}},"type":"binary-expr","locations":[{"start":{"line":97,"column":15},"end":{"line":97,"column":23}},{"start":{"line":97,"column":27},"end":{"line":97,"column":36}}],"line":97},"10":{"loc":{"start":{"line":147,"column":4},"end":{"line":147,"column":27}},"type":"if","locations":[{"start":{"line":147,"column":4},"end":{"line":147,"column":27}},{"start":{},"end":{}}],"line":147},"11":{"loc":{"start":{"line":168,"column":4},"end":{"line":170,"column":5}},"type":"if","locations":[{"start":{"line":168,"column":4},"end":{"line":170,"column":5}},{"start":{},"end":{}}],"line":168},"12":{"loc":{"start":{"line":180,"column":21},"end":{"line":180,"column":56}},"type":"binary-expr","locations":[{"start":{"line":180,"column":21},"end":{"line":180,"column":50}},{"start":{"line":180,"column":54},"end":{"line":180,"column":56}}],"line":180},"13":{"loc":{"start":{"line":183,"column":28},"end":{"line":183,"column":57}},"type":"binary-expr","locations":[{"start":{"line":183,"column":28},"end":{"line":183,"column":51}},{"start":{"line":183,"column":55},"end":{"line":183,"column":57}}],"line":183},"14":{"loc":{"start":{"line":191,"column":23},"end":{"line":191,"column":55}},"type":"binary-expr","locations":[{"start":{"line":191,"column":23},"end":{"line":191,"column":39}},{"start":{"line":191,"column":43},"end":{"line":191,"column":55}}],"line":191},"15":{"loc":{"start":{"line":214,"column":4},"end":{"line":216,"column":5}},"type":"if","locations":[{"start":{"line":214,"column":4},"end":{"line":216,"column":5}},{"start":{},"end":{}}],"line":214},"16":{"loc":{"start":{"line":238,"column":16},"end":{"line":238,"column":48}},"type":"binary-expr","locations":[{"start":{"line":238,"column":16},"end":{"line":238,"column":32}},{"start":{"line":238,"column":36},"end":{"line":238,"column":48}}],"line":238},"17":{"loc":{"start":{"line":263,"column":20},"end":{"line":263,"column":60}},"type":"binary-expr","locations":[{"start":{"line":263,"column":20},"end":{"line":263,"column":44}},{"start":{"line":263,"column":48},"end":{"line":263,"column":60}}],"line":263},"18":{"loc":{"start":{"line":287,"column":16},"end":{"line":287,"column":91}},"type":"cond-expr","locations":[{"start":{"line":287,"column":38},"end":{"line":287,"column":62}},{"start":{"line":287,"column":65},"end":{"line":287,"column":91}}],"line":287},"19":{"loc":{"start":{"line":333,"column":11},"end":{"line":340,"column":11}},"type":"binary-expr","locations":[{"start":{"line":333,"column":11},"end":{"line":333,"column":26}},{"start":{"line":334,"column":12},"end":{"line":339,"column":24}}],"line":333},"20":{"loc":{"start":{"line":345,"column":14},"end":{"line":345,"column":49}},"type":"binary-expr","locations":[{"start":{"line":345,"column":14},"end":{"line":345,"column":21}},{"start":{"line":345,"column":25},"end":{"line":345,"column":49}}],"line":345},"21":{"loc":{"start":{"line":357,"column":11},"end":{"line":357,"column":97}},"type":"cond-expr","locations":[{"start":{"line":357,"column":38},"end":{"line":357,"column":64}},{"start":{"line":357,"column":67},"end":{"line":357,"column":97}}],"line":357}},"s":{"0":1,"1":10,"2":10,"3":10,"4":10,"5":10,"6":10,"7":10,"8":10,"9":10,"10":10,"11":10,"12":10,"13":10,"14":10,"15":10,"16":10,"17":10,"18":10,"19":10,"20":10,"21":10,"22":0,"23":0,"24":0,"25":0,"26":10,"27":0,"28":0,"29":0,"30":10,"31":0,"32":0,"33":0,"34":0,"35":0,"36":0,"37":0,"38":10,"39":0,"40":10,"41":0,"42":10,"43":0,"44":10,"45":0,"46":10,"47":10,"48":10,"49":10,"50":0,"51":10,"52":10,"53":10,"54":10,"55":10,"56":10,"57":0,"58":0,"59":0,"60":0,"61":0,"62":0,"63":0,"64":10,"65":10,"66":10,"67":10,"68":0,"69":0,"70":0,"71":0,"72":10,"73":10,"74":10,"75":10,"76":10,"77":50,"78":10,"79":1},"f":{"0":10,"1":10,"2":0,"3":0,"4":0,"5":0,"6":0,"7":0,"8":0,"9":0,"10":0,"11":10,"12":10,"13":0,"14":10,"15":0,"16":10,"17":50,"18":10},"b":{"0":[9],"1":[0,0],"2":[0,0],"3":[0,0],"4":[0,0],"5":[0,0],"6":[0,0],"7":[0,0],"8":[0,0],"9":[0,0],"10":[0,10],"11":[10,0],"12":[0,0],"13":[0,0],"14":[0,0],"15":[10,0],"16":[0,0],"17":[10,1],"18":[14,36],"19":[10,1],"20":[10,0],"21":[9,1]},"_coverageSchema":"1a1c01bbd47fc00a2c39e90264f33305004495a9","hash":"f37988f911a02dc52284fe239f4f01797a90e6a1"}
,"/Users/lco47/Workspace/colearn/grow-with-freya/components/ui/asset-icon.tsx": {"path":"/Users/lco47/Workspace/colearn/grow-with-freya/components/ui/asset-icon.tsx","statementMap":{"0":{"start":{"line":12,"column":2},"end":{"line":23,"column":4}},"1":{"start":{"line":26,"column":15},"end":{"line":31,"column":2}}},"fnMap":{"0":{"name":"AssetIcon","decl":{"start":{"line":11,"column":16},"end":{"line":11,"column":25}},"loc":{"start":{"line":11,"column":79},"end":{"line":24,"column":1}},"line":11}},"branchMap":{"0":{"loc":{"start":{"line":11,"column":36},"end":{"line":11,"column":45}},"type":"default-arg","locations":[{"start":{"line":11,"column":43},"end":{"line":11,"column":45}}],"line":11},"1":{"loc":{"start":{"line":18,"column":10},"end":{"line":18,"column":39}},"type":"binary-expr","locations":[{"start":{"line":18,"column":10},"end":{"line":18,"column":15}},{"start":{"line":18,"column":19},"end":{"line":18,"column":39}}],"line":18}},"s":{"0":0,"1":0},"f":{"0":0},"b":{"0":[0],"1":[0,0]}}
,"/Users/lco47/Workspace/colearn/grow-with-freya/components/ui/custom-icon.tsx": {"path":"/Users/lco47/Workspace/colearn/grow-with-freya/components/ui/custom-icon.tsx","statementMap":{"0":{"start":{"line":15,"column":22},"end":{"line":48,"column":3}},"1":{"start":{"line":16,"column":46},"end":{"line":45,"column":5}},"2":{"start":{"line":47,"column":4},"end":{"line":47,"column":31}},"3":{"start":{"line":51,"column":23},"end":{"line":62,"column":3}},"4":{"start":{"line":52,"column":50},"end":{"line":59,"column":5}},"5":{"start":{"line":61,"column":4},"end":{"line":61,"column":40}},"6":{"start":{"line":64,"column":19},"end":{"line":64,"column":36}},"7":{"start":{"line":65,"column":20},"end":{"line":65,"column":38}},"8":{"start":{"line":68,"column":2},"end":{"line":74,"column":3}},"9":{"start":{"line":69,"column":4},"end":{"line":73,"column":6}},"10":{"start":{"line":77,"column":2},"end":{"line":102,"column":3}},"11":{"start":{"line":78,"column":20},"end":{"line":78,"column":87}},"12":{"start":{"line":80,"column":4},"end":{"line":101,"column":5}},"13":{"start":{"line":82,"column":6},"end":{"line":93,"column":8}},"14":{"start":{"line":96,"column":6},"end":{"line":100,"column":8}},"15":{"start":{"line":105,"column":2},"end":{"line":109,"column":4}},"16":{"start":{"line":112,"column":15},"end":{"line":128,"column":2}}},"fnMap":{"0":{"name":"CustomIcon","decl":{"start":{"line":13,"column":16},"end":{"line":13,"column":26}},"loc":{"start":{"line":13,"column":94},"end":{"line":110,"column":1}},"line":13},"1":{"name":"(anonymous_1)","decl":{"start":{"line":15,"column":22},"end":{"line":15,"column":23}},"loc":{"start":{"line":15,"column":44},"end":{"line":48,"column":3}},"line":15},"2":{"name":"(anonymous_2)","decl":{"start":{"line":51,"column":23},"end":{"line":51,"column":24}},"loc":{"start":{"line":51,"column":60},"end":{"line":62,"column":3}},"line":51}},"branchMap":{"0":{"loc":{"start":{"line":13,"column":35},"end":{"line":13,"column":44}},"type":"default-arg","locations":[{"start":{"line":13,"column":42},"end":{"line":13,"column":44}}],"line":13},"1":{"loc":{"start":{"line":13,"column":60},"end":{"line":13,"column":73}},"type":"default-arg","locations":[{"start":{"line":13,"column":67},"end":{"line":13,"column":73}}],"line":13},"2":{"loc":{"start":{"line":56,"column":121},"end":{"line":56,"column":139}},"type":"binary-expr","locations":[{"start":{"line":56,"column":121},"end":{"line":56,"column":126}},{"start":{"line":56,"column":130},"end":{"line":56,"column":139}}],"line":56},"3":{"loc":{"start":{"line":61,"column":11},"end":{"line":61,"column":39}},"type":"binary-expr","locations":[{"start":{"line":61,"column":11},"end":{"line":61,"column":31}},{"start":{"line":61,"column":35},"end":{"line":61,"column":39}}],"line":61},"4":{"loc":{"start":{"line":68,"column":2},"end":{"line":74,"column":3}},"type":"if","locations":[{"start":{"line":68,"column":2},"end":{"line":74,"column":3}},{"start":{},"end":{}}],"line":68},"5":{"loc":{"start":{"line":77,"column":2},"end":{"line":102,"column":3}},"type":"if","locations":[{"start":{"line":77,"column":2},"end":{"line":102,"column":3}},{"start":{},"end":{}}],"line":77},"6":{"loc":{"start":{"line":78,"column":20},"end":{"line":78,"column":87}},"type":"binary-expr","locations":[{"start":{"line":78,"column":20},"end":{"line":78,"column":34}},{"start":{"line":78,"column":39},"end":{"line":78,"column":54}},{"start":{"line":78,"column":58},"end":{"line":78,"column":86}}],"line":78},"7":{"loc":{"start":{"line":80,"column":4},"end":{"line":101,"column":5}},"type":"if","locations":[{"start":{"line":80,"column":4},"end":{"line":101,"column":5}},{"start":{"line":94,"column":11},"end":{"line":101,"column":5}}],"line":80},"8":{"loc":{"start":{"line":88,"column":14},"end":{"line":88,"column":43}},"type":"binary-expr","locations":[{"start":{"line":88,"column":14},"end":{"line":88,"column":19}},{"start":{"line":88,"column":23},"end":{"line":88,"column":43}}],"line":88},"9":{"loc":{"start":{"line":107,"column":64},"end":{"line":107,"column":82}},"type":"binary-expr","locations":[{"start":{"line":107,"column":64},"end":{"line":107,"column":69}},{"start":{"line":107,"column":73},"end":{"line":107,"column":82}}],"line":107}},"s":{"0":0,"1":0,"2":0,"3":0,"4":0,"5":0,"6":0,"7":0,"8":0,"9":0,"10":0,"11":0,"12":0,"13":0,"14":0,"15":0,"16":0},"f":{"0":0,"1":0,"2":0},"b":{"0":[0],"1":[0],"2":[0,0],"3":[0,0],"4":[0,0],"5":[0,0],"6":[0,0,0],"7":[0,0],"8":[0,0],"9":[0,0]}}
,"/Users/lco47/Workspace/colearn/grow-with-freya/components/ui/icon-symbol.ios.tsx": {"path":"/Users/lco47/Workspace/colearn/grow-with-freya/components/ui/icon-symbol.ios.tsx","statementMap":{"0":{"start":{"line":17,"column":2},"end":{"line":31,"column":4}}},"fnMap":{"0":{"name":"IconSymbol","decl":{"start":{"line":4,"column":16},"end":{"line":4,"column":26}},"loc":{"start":{"line":16,"column":3},"end":{"line":32,"column":1}},"line":16}},"branchMap":{"0":{"loc":{"start":{"line":6,"column":2},"end":{"line":6,"column":11}},"type":"default-arg","locations":[{"start":{"line":6,"column":9},"end":{"line":6,"column":11}}],"line":6},"1":{"loc":{"start":{"line":9,"column":2},"end":{"line":9,"column":20}},"type":"default-arg","locations":[{"start":{"line":9,"column":11},"end":{"line":9,"column":20}}],"line":9}},"s":{"0":0},"f":{"0":0},"b":{"0":[0],"1":[0]}}
,"/Users/lco47/Workspace/colearn/grow-with-freya/components/ui/icon-symbol.tsx": {"path":"/Users/lco47/Workspace/colearn/grow-with-freya/components/ui/icon-symbol.tsx","statementMap":{"0":{"start":{"line":16,"column":16},"end":{"line":21,"column":16}},"1":{"start":{"line":40,"column":2},"end":{"line":40,"column":88}}},"fnMap":{"0":{"name":"IconSymbol","decl":{"start":{"line":28,"column":16},"end":{"line":28,"column":26}},"loc":{"start":{"line":39,"column":3},"end":{"line":41,"column":1}},"line":39}},"branchMap":{"0":{"loc":{"start":{"line":30,"column":2},"end":{"line":30,"column":11}},"type":"default-arg","locations":[{"start":{"line":30,"column":9},"end":{"line":30,"column":11}}],"line":30}},"s":{"0":0,"1":0},"f":{"0":0},"b":{"0":[0]}}
,"/Users/lco47/Workspace/colearn/grow-with-freya/components/ui/png-illustration.tsx": {"path":"/Users/lco47/Workspace/colearn/grow-with-freya/components/ui/png-illustration.tsx","statementMap":{"0":{"start":{"line":4,"column":53},"end":{"line":4,"column":77}},"1":{"start":{"line":14,"column":32},"end":{"line":27,"column":3}},"2":{"start":{"line":15,"column":50},"end":{"line":24,"column":5}},"3":{"start":{"line":26,"column":4},"end":{"line":26,"column":74}},"4":{"start":{"line":29,"column":34},"end":{"line":75,"column":3}},"5":{"start":{"line":30,"column":23},"end":{"line":30,"column":39}},"6":{"start":{"line":31,"column":22},"end":{"line":31,"column":37}},"7":{"start":{"line":32,"column":24},"end":{"line":32,"column":29}},"8":{"start":{"line":33,"column":21},"end":{"line":33,"column":39}},"9":{"start":{"line":34,"column":25},"end":{"line":34,"column":43}},"10":{"start":{"line":35,"column":25},"end":{"line":35,"column":42}},"11":{"start":{"line":39,"column":4},"end":{"line":47,"column":5}},"12":{"start":{"line":40,"column":6},"end":{"line":40,"column":51}},"13":{"start":{"line":41,"column":11},"end":{"line":47,"column":5}},"14":{"start":{"line":42,"column":6},"end":{"line":42,"column":52}},"15":{"start":{"line":43,"column":11},"end":{"line":47,"column":5}},"16":{"start":{"line":44,"column":6},"end":{"line":44,"column":51}},"17":{"start":{"line":46,"column":6},"end":{"line":46,"column":52}},"18":{"start":{"line":49,"column":21},"end":{"line":49,"column":44}},"19":{"start":{"line":51,"column":4},"end":{"line":54,"column":5}},"20":{"start":{"line":52,"column":6},"end":{"line":52,"column":48}},"21":{"start":{"line":53,"column":6},"end":{"line":53,"column":43}},"22":{"start":{"line":55,"column":4},"end":{"line":58,"column":5}},"23":{"start":{"line":56,"column":6},"end":{"line":56,"column":51}},"24":{"start":{"line":57,"column":6},"end":{"line":57,"column":43}},"25":{"start":{"line":60,"column":21},"end":{"line":60,"column":24}},"26":{"start":{"line":61,"column":22},"end":{"line":61,"column":44}},"27":{"start":{"line":63,"column":4},"end":{"line":66,"column":5}},"28":{"start":{"line":64,"column":6},"end":{"line":64,"column":27}},"29":{"start":{"line":65,"column":6},"end":{"line":65,"column":29}},"30":{"start":{"line":68,"column":4},"end":{"line":74,"column":6}},"31":{"start":{"line":77,"column":21},"end":{"line":77,"column":46}},"32":{"start":{"line":78,"column":17},"end":{"line":78,"column":44}},"33":{"start":{"line":80,"column":2},"end":{"line":100,"column":4}},"34":{"start":{"line":103,"column":15},"end":{"line":127,"column":2}}},"fnMap":{"0":{"name":"PngIllustration","decl":{"start":{"line":13,"column":16},"end":{"line":13,"column":31}},"loc":{"start":{"line":13,"column":92},"end":{"line":101,"column":1}},"line":13},"1":{"name":"(anonymous_1)","decl":{"start":{"line":14,"column":32},"end":{"line":14,"column":33}},"loc":{"start":{"line":14,"column":62},"end":{"line":27,"column":3}},"line":14},"2":{"name":"(anonymous_2)","decl":{"start":{"line":29,"column":34},"end":{"line":29,"column":35}},"loc":{"start":{"line":29,"column":40},"end":{"line":75,"column":3}},"line":29}},"branchMap":{"0":{"loc":{"start":{"line":26,"column":11},"end":{"line":26,"column":73}},"type":"binary-expr","locations":[{"start":{"line":26,"column":11},"end":{"line":26,"column":42}},{"start":{"line":26,"column":46},"end":{"line":26,"column":73}}],"line":26},"1":{"loc":{"start":{"line":39,"column":4},"end":{"line":47,"column":5}},"type":"if","locations":[{"start":{"line":39,"column":4},"end":{"line":47,"column":5}},{"start":{"line":41,"column":11},"end":{"line":47,"column":5}}],"line":39},"2":{"loc":{"start":{"line":41,"column":11},"end":{"line":47,"column":5}},"type":"if","locations":[{"start":{"line":41,"column":11},"end":{"line":47,"column":5}},{"start":{"line":43,"column":11},"end":{"line":47,"column":5}}],"line":41},"3":{"loc":{"start":{"line":43,"column":11},"end":{"line":47,"column":5}},"type":"if","locations":[{"start":{"line":43,"column":11},"end":{"line":47,"column":5}},{"start":{"line":45,"column":11},"end":{"line":47,"column":5}}],"line":43},"4":{"loc":{"start":{"line":51,"column":4},"end":{"line":54,"column":5}},"type":"if","locations":[{"start":{"line":51,"column":4},"end":{"line":54,"column":5}},{"start":{},"end":{}}],"line":51},"5":{"loc":{"start":{"line":55,"column":4},"end":{"line":58,"column":5}},"type":"if","locations":[{"start":{"line":55,"column":4},"end":{"line":58,"column":5}},{"start":{},"end":{}}],"line":55},"6":{"loc":{"start":{"line":63,"column":4},"end":{"line":66,"column":5}},"type":"if","locations":[{"start":{"line":63,"column":4},"end":{"line":66,"column":5}},{"start":{},"end":{}}],"line":63}},"s":{"0":0,"1":0,"2":0,"3":0,"4":0,"5":0,"6":0,"7":0,"8":0,"9":0,"10":0,"11":0,"12":0,"13":0,"14":0,"15":0,"16":0,"17":0,"18":0,"19":0,"20":0,"21":0,"22":0,"23":0,"24":0,"25":0,"26":0,"27":0,"28":0,"29":0,"30":0,"31":0,"32":0,"33":0,"34":0},"f":{"0":0,"1":0,"2":0},"b":{"0":[0,0],"1":[0,0],"2":[0,0],"3":[0,0],"4":[0,0],"5":[0,0],"6":[0,0]}}
,"/Users/lco47/Workspace/colearn/grow-with-freya/components/ui/svg-illustration.tsx": {"path":"/Users/lco47/Workspace/colearn/grow-with-freya/components/ui/svg-illustration.tsx","statementMap":{"0":{"start":{"line":13,"column":29},"end":{"line":162,"column":3}},"1":{"start":{"line":14,"column":53},"end":{"line":159,"column":5}},"2":{"start":{"line":161,"column":4},"end":{"line":161,"column":74}},"3":{"start":{"line":164,"column":2},"end":{"line":168,"column":4}},"4":{"start":{"line":171,"column":15},"end":{"line":176,"column":2}}},"fnMap":{"0":{"name":"SvgIllustration","decl":{"start":{"line":12,"column":16},"end":{"line":12,"column":31}},"loc":{"start":{"line":12,"column":98},"end":{"line":169,"column":1}},"line":12},"1":{"name":"(anonymous_1)","decl":{"start":{"line":13,"column":29},"end":{"line":13,"column":30}},"loc":{"start":{"line":13,"column":67},"end":{"line":162,"column":3}},"line":13}},"branchMap":{"0":{"loc":{"start":{"line":12,"column":40},"end":{"line":12,"column":51}},"type":"default-arg","locations":[{"start":{"line":12,"column":48},"end":{"line":12,"column":51}}],"line":12},"1":{"loc":{"start":{"line":12,"column":53},"end":{"line":12,"column":65}},"type":"default-arg","locations":[{"start":{"line":12,"column":62},"end":{"line":12,"column":65}}],"line":12},"2":{"loc":{"start":{"line":161,"column":11},"end":{"line":161,"column":73}},"type":"binary-expr","locations":[{"start":{"line":161,"column":11},"end":{"line":161,"column":42}},{"start":{"line":161,"column":46},"end":{"line":161,"column":73}}],"line":161}},"s":{"0":0,"1":0,"2":0,"3":0,"4":0},"f":{"0":0,"1":0},"b":{"0":[0],"1":[0],"2":[0,0]}}
,"/Users/lco47/Workspace/colearn/grow-with-freya/hooks/use-color-scheme.ts": {"path":"/Users/lco47/Workspace/colearn/grow-with-freya/hooks/use-color-scheme.ts","statementMap":{},"fnMap":{},"branchMap":{},"s":{},"f":{},"b":{},"_coverageSchema":"1a1c01bbd47fc00a2c39e90264f33305004495a9","hash":"ecf653301e1d810599c6f4422520d9568a343b43"}
,"/Users/lco47/Workspace/colearn/grow-with-freya/hooks/use-color-scheme.web.ts": {"path":"/Users/lco47/Workspace/colearn/grow-with-freya/hooks/use-color-scheme.web.ts","statementMap":{"0":{"start":{"line":8,"column":40},"end":{"line":8,"column":55}},"1":{"start":{"line":10,"column":2},"end":{"line":12,"column":9}},"2":{"start":{"line":11,"column":4},"end":{"line":11,"column":25}},"3":{"start":{"line":14,"column":22},"end":{"line":14,"column":40}},"4":{"start":{"line":16,"column":2},"end":{"line":18,"column":3}},"5":{"start":{"line":17,"column":4},"end":{"line":17,"column":23}},"6":{"start":{"line":20,"column":2},"end":{"line":20,"column":17}}},"fnMap":{"0":{"name":"useColorScheme","decl":{"start":{"line":7,"column":16},"end":{"line":7,"column":30}},"loc":{"start":{"line":7,"column":33},"end":{"line":21,"column":1}},"line":7},"1":{"name":"(anonymous_1)","decl":{"start":{"line":10,"column":12},"end":{"line":10,"column":13}},"loc":{"start":{"line":10,"column":18},"end":{"line":12,"column":3}},"line":10}},"branchMap":{"0":{"loc":{"start":{"line":16,"column":2},"end":{"line":18,"column":3}},"type":"if","locations":[{"start":{"line":16,"column":2},"end":{"line":18,"column":3}},{"start":{},"end":{}}],"line":16}},"s":{"0":0,"1":0,"2":0,"3":0,"4":0,"5":0,"6":0},"f":{"0":0,"1":0},"b":{"0":[0,0]}}
,"/Users/lco47/Workspace/colearn/grow-with-freya/hooks/use-theme-color.ts": {"path":"/Users/lco47/Workspace/colearn/grow-with-freya/hooks/use-theme-color.ts","statementMap":{"0":{"start":{"line":13,"column":16},"end":{"line":13,"column":43}},"1":{"start":{"line":14,"column":25},"end":{"line":14,"column":37}},"2":{"start":{"line":16,"column":2},"end":{"line":20,"column":3}},"3":{"start":{"line":17,"column":4},"end":{"line":17,"column":26}},"4":{"start":{"line":19,"column":4},"end":{"line":19,"column":36}}},"fnMap":{"0":{"name":"useThemeColor","decl":{"start":{"line":9,"column":16},"end":{"line":9,"column":29}},"loc":{"start":{"line":12,"column":2},"end":{"line":21,"column":1}},"line":12}},"branchMap":{"0":{"loc":{"start":{"line":13,"column":16},"end":{"line":13,"column":43}},"type":"binary-expr","locations":[{"start":{"line":13,"column":16},"end":{"line":13,"column":32}},{"start":{"line":13,"column":36},"end":{"line":13,"column":43}}],"line":13},"1":{"loc":{"start":{"line":16,"column":2},"end":{"line":20,"column":3}},"type":"if","locations":[{"start":{"line":16,"column":2},"end":{"line":20,"column":3}},{"start":{"line":18,"column":9},"end":{"line":20,"column":3}}],"line":16}},"s":{"0":71,"1":71,"2":71,"3":0,"4":71},"f":{"0":71},"b":{"0":[71,0],"1":[0,71]},"_coverageSchema":"1a1c01bbd47fc00a2c39e90264f33305004495a9","hash":"20c3a62d17b8b0db24da633bb435886b5d34f9fb"}
,"/Users/lco47/Workspace/colearn/grow-with-freya/store/app-store.ts": {"path":"/Users/lco47/Workspace/colearn/grow-with-freya/store/app-store.ts","statementMap":{"0":{"start":{"line":25,"column":27},"end":{"line":56,"column":1}},"1":{"start":{"line":27,"column":14},"end":{"line":45,"column":5}},"2":{"start":{"line":36,"column":30},"end":{"line":36,"column":56}},"3":{"start":{"line":40,"column":8},"end":{"line":40,"column":76}},"4":{"start":{"line":42,"column":36},"end":{"line":42,"column":68}},"5":{"start":{"line":43,"column":36},"end":{"line":43,"column":66}},"6":{"start":{"line":44,"column":31},"end":{"line":44,"column":58}},"7":{"start":{"line":48,"column":39},"end":{"line":48,"column":51}},"8":{"start":{"line":50,"column":30},"end":{"line":53,"column":7}}},"fnMap":{"0":{"name":"(anonymous_0)","decl":{"start":{"line":27,"column":4},"end":{"line":27,"column":5}},"loc":{"start":{"line":27,"column":14},"end":{"line":45,"column":5}},"line":27},"1":{"name":"(anonymous_1)","decl":{"start":{"line":36,"column":19},"end":{"line":36,"column":20}},"loc":{"start":{"line":36,"column":30},"end":{"line":36,"column":56}},"line":36},"2":{"name":"(anonymous_2)","decl":{"start":{"line":37,"column":29},"end":{"line":37,"column":30}},"loc":{"start":{"line":37,"column":43},"end":{"line":41,"column":7}},"line":37},"3":{"name":"(anonymous_3)","decl":{"start":{"line":42,"column":23},"end":{"line":42,"column":24}},"loc":{"start":{"line":42,"column":36},"end":{"line":42,"column":68}},"line":42},"4":{"name":"(anonymous_4)","decl":{"start":{"line":43,"column":24},"end":{"line":43,"column":25}},"loc":{"start":{"line":43,"column":36},"end":{"line":43,"column":66}},"line":43},"5":{"name":"(anonymous_5)","decl":{"start":{"line":44,"column":18},"end":{"line":44,"column":19}},"loc":{"start":{"line":44,"column":31},"end":{"line":44,"column":58}},"line":44},"6":{"name":"(anonymous_6)","decl":{"start":{"line":48,"column":33},"end":{"line":48,"column":34}},"loc":{"start":{"line":48,"column":39},"end":{"line":48,"column":51}},"line":48},"7":{"name":"(anonymous_7)","decl":{"start":{"line":50,"column":18},"end":{"line":50,"column":19}},"loc":{"start":{"line":50,"column":30},"end":{"line":53,"column":7}},"line":50}},"branchMap":{},"s":{"0":0,"1":0,"2":0,"3":0,"4":0,"5":0,"6":0,"7":0,"8":0},"f":{"0":0,"1":0,"2":0,"3":0,"4":0,"5":0,"6":0,"7":0},"b":{}}
}
