TN:
SF:app/_layout.tsx
FN:14,RootLayout
FN:19,(anonymous_1)
FN:29,(anonymous_2)
FN:33,(anonymous_3)
FNF:4
FNH:0
FNDA:0,RootLayout
FNDA:0,(anonymous_1)
FNDA:0,(anonymous_2)
FNDA:0,(anonymous_3)
DA:15,0
DA:16,0
DA:17,0
DA:19,0
DA:20,0
DA:21,0
DA:22,0
DA:23,0
DA:25,0
DA:29,0
DA:30,0
DA:33,0
DA:34,0
DA:35,0
DA:36,0
DA:42,0
DA:43,0
DA:47,0
DA:48,0
DA:52,0
DA:53,0
DA:57,0
LF:22
LH:0
BRDA:20,0,0,0
BRDA:20,0,1,0
BRDA:22,1,0,0
BRDA:22,1,1,0
BRDA:34,2,0,0
BRDA:34,2,1,0
BRDA:42,3,0,0
BRDA:42,3,1,0
BRDA:47,4,0,0
BRDA:47,4,1,0
BRDA:52,5,0,0
BRDA:52,5,1,0
BRDA:58,6,0,0
BRDA:58,6,1,0
BRF:14
BRH:0
end_of_record
TN:
SF:app/(tabs)/_layout.tsx
FN:8,TabLayout
FN:21,(anonymous_1)
FN:28,(anonymous_2)
FNF:3
FNH:0
FNDA:0,TabLayout
FNDA:0,(anonymous_1)
FNDA:0,(anonymous_2)
DA:9,0
DA:11,0
DA:21,0
DA:28,0
LF:4
LH:0
BRDA:14,0,0,0
BRDA:14,0,1,0
BRF:2
BRH:0
end_of_record
TN:
SF:app/(tabs)/index.tsx
FN:6,StoriesScreen
FNF:1
FNH:0
FNDA:0,StoriesScreen
DA:7,0
DA:20,0
LF:2
LH:0
BRF:0
BRH:0
end_of_record
TN:
SF:app/(tabs)/profiles.tsx
FN:6,ProfilesScreen
FNF:1
FNH:0
FNDA:0,ProfilesScreen
DA:7,0
DA:20,0
LF:2
LH:0
BRF:0
BRH:0
end_of_record
TN:
SF:components/main-menu.tsx
FN:31,MenuIcon
FN:35,(anonymous_1)
FN:48,(anonymous_2)
FN:55,(anonymous_3)
FN:64,(anonymous_4)
FN:78,(anonymous_5)
FN:101,MainMenu
FN:105,(anonymous_7)
FN:122,(anonymous_8)
FN:126,(anonymous_9)
FN:146,(anonymous_10)
FN:179,(anonymous_11)
FN:186,(anonymous_12)
FN:194,(anonymous_13)
FN:201,(anonymous_14)
FNF:15
FNH:0
FNDA:0,MenuIcon
FNDA:0,(anonymous_1)
FNDA:0,(anonymous_2)
FNDA:0,(anonymous_3)
FNDA:0,(anonymous_4)
FNDA:0,(anonymous_5)
FNDA:0,MainMenu
FNDA:0,(anonymous_7)
FNDA:0,(anonymous_8)
FNDA:0,(anonymous_9)
FNDA:0,(anonymous_10)
FNDA:0,(anonymous_11)
FNDA:0,(anonymous_12)
FNDA:0,(anonymous_13)
FNDA:0,(anonymous_14)
DA:17,0
DA:32,0
DA:33,0
DA:35,0
DA:36,0
DA:38,0
DA:48,0
DA:55,0
DA:56,0
DA:57,0
DA:58,0
DA:60,0
DA:64,0
DA:65,0
DA:72,0
DA:75,0
DA:78,0
DA:102,0
DA:103,0
DA:105,0
DA:107,0
DA:113,0
DA:122,0
DA:126,0
DA:130,0
DA:138,0
DA:147,0
DA:179,0
DA:186,0
DA:195,0
DA:201,0
DA:216,0
LF:32
LH:0
BRDA:36,0,0,0
BRDA:36,0,1,0
BRDA:56,1,0,0
BRDA:56,1,1,0
BRDA:72,2,0,0
BRDA:72,2,1,0
BRDA:80,3,0,0
BRDA:80,3,1,0
BRDA:81,4,0,0
BRDA:81,4,1,0
BRDA:88,5,0,0
BRDA:88,5,1,0
BRDA:92,6,0,0
BRDA:92,6,1,0
BRF:14
BRH:0
end_of_record
TN:
SF:components/splash-screen.tsx
FN:22,AppSplashScreen
FN:30,(anonymous_1)
FN:31,prepare
FN:41,(anonymous_3)
FN:50,(anonymous_4)
FN:65,(anonymous_5)
FN:70,(anonymous_6)
FN:74,(anonymous_7)
FN:84,(anonymous_8)
FNF:9
FNH:0
FNDA:0,AppSplashScreen
FNDA:0,(anonymous_1)
FNDA:0,prepare
FNDA:0,(anonymous_3)
FNDA:0,(anonymous_4)
FNDA:0,(anonymous_5)
FNDA:0,(anonymous_6)
FNDA:0,(anonymous_7)
FNDA:0,(anonymous_8)
DA:18,0
DA:20,0
DA:23,0
DA:25,0
DA:26,0
DA:27,0
DA:28,0
DA:30,0
DA:32,0
DA:33,0
DA:35,0
DA:36,0
DA:41,0
DA:42,0
DA:45,0
DA:50,0
DA:52,0
DA:53,0
DA:56,0
DA:57,0
DA:58,0
DA:62,0
DA:65,0
DA:70,0
DA:74,0
DA:78,0
DA:85,0
DA:122,0
LF:28
LH:0
BRF:0
BRH:0
end_of_record
TN:
SF:components/themed-text.tsx
FN:11,ThemedText
FNF:1
FNH:1
FNDA:71,ThemedText
DA:18,71
DA:20,71
DA:36,1
LF:3
LH:3
BRDA:15,0,0,61
BRDA:24,1,0,61
BRDA:24,1,1,10
BRDA:25,2,0,10
BRDA:25,2,1,61
BRDA:26,3,0,0
BRDA:26,3,1,71
BRDA:27,4,0,0
BRDA:27,4,1,71
BRDA:28,5,0,0
BRDA:28,5,1,71
BRF:11
BRH:8
end_of_record
TN:
SF:components/themed-view.tsx
FN:10,ThemedView
FNF:1
FNH:0
FNDA:0,ThemedView
DA:11,0
DA:13,0
LF:2
LH:0
BRF:0
BRH:0
end_of_record
TN:
SF:components/onboarding/onboarding-flow.tsx
FN:9,OnboardingFlow
FN:47,(anonymous_1)
FN:50,(anonymous_2)
FN:61,(anonymous_3)
FN:64,(anonymous_4)
FNF:5
FNH:1
FNDA:18,OnboardingFlow
FNDA:0,(anonymous_1)
FNDA:0,(anonymous_2)
FNDA:0,(anonymous_3)
FNDA:0,(anonymous_4)
DA:10,18
DA:11,18
DA:12,18
DA:14,18
DA:47,18
DA:48,0
DA:50,0
DA:51,0
DA:52,0
DA:54,0
DA:55,0
DA:57,0
DA:61,18
DA:62,0
DA:63,0
DA:64,0
DA:65,0
DA:66,0
DA:71,18
DA:73,18
LF:20
LH:8
BRDA:51,0,0,0
BRDA:51,0,1,0
BRDA:62,1,0,0
BRDA:62,1,1,0
BRF:4
BRH:0
end_of_record
TN:
SF:components/onboarding/onboarding-screen.tsx
FN:32,OnboardingScreen
FN:52,(anonymous_1)
FN:70,(anonymous_2)
FN:72,(anonymous_3)
FN:78,(anonymous_4)
FN:86,(anonymous_5)
FN:89,(anonymous_6)
FN:103,(anonymous_7)
FN:107,(anonymous_8)
FN:112,(anonymous_9)
FN:117,(anonymous_10)
FN:122,(anonymous_11)
FN:157,(anonymous_12)
FN:182,(anonymous_13)
FN:211,(anonymous_14)
FN:226,(anonymous_15)
FN:254,(anonymous_16)
FN:282,(anonymous_17)
FN:343,(anonymous_18)
FNF:19
FNH:8
FNDA:10,OnboardingScreen
FNDA:10,(anonymous_1)
FNDA:0,(anonymous_2)
FNDA:0,(anonymous_3)
FNDA:0,(anonymous_4)
FNDA:0,(anonymous_5)
FNDA:0,(anonymous_6)
FNDA:0,(anonymous_7)
FNDA:0,(anonymous_8)
FNDA:0,(anonymous_9)
FNDA:0,(anonymous_10)
FNDA:10,(anonymous_11)
FNDA:10,(anonymous_12)
FNDA:0,(anonymous_13)
FNDA:10,(anonymous_14)
FNDA:0,(anonymous_15)
FNDA:10,(anonymous_16)
FNDA:50,(anonymous_17)
FNDA:10,(anonymous_18)
DA:18,1
DA:44,10
DA:45,10
DA:46,10
DA:47,10
DA:48,10
DA:49,10
DA:50,10
DA:52,10
DA:53,10
DA:54,10
DA:55,10
DA:56,10
DA:57,10
DA:58,10
DA:60,10
DA:61,10
DA:63,10
DA:64,10
DA:66,10
DA:67,10
DA:70,10
DA:71,0
DA:72,0
DA:73,0
DA:75,0
DA:78,10
DA:79,0
DA:80,0
DA:81,0
DA:85,10
DA:87,0
DA:90,0
DA:92,0
DA:93,0
DA:94,0
DA:97,0
DA:98,0
DA:103,10
DA:107,10
DA:112,10
DA:117,10
DA:122,10
DA:123,10
DA:146,10
DA:147,10
DA:149,10
DA:157,10
DA:158,10
DA:166,10
DA:168,10
DA:169,10
DA:172,0
DA:180,0
DA:182,0
DA:183,0
DA:184,0
DA:191,0
DA:193,0
DA:211,10
DA:212,10
DA:214,10
DA:215,10
DA:218,0
DA:224,0
DA:227,0
DA:233,0
DA:254,10
DA:255,10
DA:263,10
DA:265,10
DA:272,10
DA:283,50
DA:343,10
DA:365,1
LF:75
LH:50
BRDA:41,0,0,9
BRDA:79,1,0,0
BRDA:79,1,1,0
BRDA:79,2,0,0
BRDA:79,2,1,0
BRDA:87,3,0,0
BRDA:87,3,1,0
BRDA:92,4,0,0
BRDA:92,4,1,0
BRDA:92,5,0,0
BRDA:92,5,1,0
BRDA:93,6,0,0
BRDA:93,6,1,0
BRDA:93,7,0,0
BRDA:93,7,1,0
BRDA:97,8,0,0
BRDA:97,8,1,0
BRDA:97,9,0,0
BRDA:97,9,1,0
BRDA:147,10,0,0
BRDA:147,10,1,10
BRDA:168,11,0,10
BRDA:168,11,1,0
BRDA:180,12,0,0
BRDA:180,12,1,0
BRDA:183,13,0,0
BRDA:183,13,1,0
BRDA:191,14,0,0
BRDA:191,14,1,0
BRDA:214,15,0,10
BRDA:214,15,1,0
BRDA:238,16,0,0
BRDA:238,16,1,0
BRDA:263,17,0,10
BRDA:263,17,1,1
BRDA:287,18,0,14
BRDA:287,18,1,36
BRDA:333,19,0,10
BRDA:333,19,1,1
BRDA:345,20,0,10
BRDA:345,20,1,0
BRDA:357,21,0,9
BRDA:357,21,1,1
BRF:43
BRH:13
end_of_record
TN:
SF:components/ui/asset-icon.tsx
FN:11,AssetIcon
FNF:1
FNH:0
FNDA:0,AssetIcon
DA:12,0
DA:26,0
LF:2
LH:0
BRDA:11,0,0,0
BRDA:18,1,0,0
BRDA:18,1,1,0
BRF:3
BRH:0
end_of_record
TN:
SF:components/ui/custom-icon.tsx
FN:13,CustomIcon
FN:15,(anonymous_1)
FN:51,(anonymous_2)
FNF:3
FNH:0
FNDA:0,CustomIcon
FNDA:0,(anonymous_1)
FNDA:0,(anonymous_2)
DA:15,0
DA:16,0
DA:47,0
DA:51,0
DA:52,0
DA:61,0
DA:64,0
DA:65,0
DA:68,0
DA:69,0
DA:77,0
DA:78,0
DA:80,0
DA:82,0
DA:96,0
DA:105,0
DA:112,0
LF:17
LH:0
BRDA:13,0,0,0
BRDA:13,1,0,0
BRDA:56,2,0,0
BRDA:56,2,1,0
BRDA:61,3,0,0
BRDA:61,3,1,0
BRDA:68,4,0,0
BRDA:68,4,1,0
BRDA:77,5,0,0
BRDA:77,5,1,0
BRDA:78,6,0,0
BRDA:78,6,1,0
BRDA:78,6,2,0
BRDA:80,7,0,0
BRDA:80,7,1,0
BRDA:88,8,0,0
BRDA:88,8,1,0
BRDA:107,9,0,0
BRDA:107,9,1,0
BRF:19
BRH:0
end_of_record
TN:
SF:components/ui/icon-symbol.ios.tsx
FN:4,IconSymbol
FNF:1
FNH:0
FNDA:0,IconSymbol
DA:17,0
LF:1
LH:0
BRDA:6,0,0,0
BRDA:9,1,0,0
BRF:2
BRH:0
end_of_record
TN:
SF:components/ui/icon-symbol.tsx
FN:28,IconSymbol
FNF:1
FNH:0
FNDA:0,IconSymbol
DA:16,0
DA:40,0
LF:2
LH:0
BRDA:30,0,0,0
BRF:1
BRH:0
end_of_record
TN:
SF:components/ui/png-illustration.tsx
FN:13,PngIllustration
FN:14,(anonymous_1)
FN:29,(anonymous_2)
FNF:3
FNH:0
FNDA:0,PngIllustration
FNDA:0,(anonymous_1)
FNDA:0,(anonymous_2)
DA:4,0
DA:14,0
DA:15,0
DA:26,0
DA:29,0
DA:30,0
DA:31,0
DA:32,0
DA:33,0
DA:34,0
DA:35,0
DA:39,0
DA:40,0
DA:41,0
DA:42,0
DA:43,0
DA:44,0
DA:46,0
DA:49,0
DA:51,0
DA:52,0
DA:53,0
DA:55,0
DA:56,0
DA:57,0
DA:60,0
DA:61,0
DA:63,0
DA:64,0
DA:65,0
DA:68,0
DA:77,0
DA:78,0
DA:80,0
DA:103,0
LF:35
LH:0
BRDA:26,0,0,0
BRDA:26,0,1,0
BRDA:39,1,0,0
BRDA:39,1,1,0
BRDA:41,2,0,0
BRDA:41,2,1,0
BRDA:43,3,0,0
BRDA:43,3,1,0
BRDA:51,4,0,0
BRDA:51,4,1,0
BRDA:55,5,0,0
BRDA:55,5,1,0
BRDA:63,6,0,0
BRDA:63,6,1,0
BRF:14
BRH:0
end_of_record
TN:
SF:components/ui/svg-illustration.tsx
FN:12,SvgIllustration
FN:13,(anonymous_1)
FNF:2
FNH:0
FNDA:0,SvgIllustration
FNDA:0,(anonymous_1)
DA:13,0
DA:14,0
DA:161,0
DA:164,0
DA:171,0
LF:5
LH:0
BRDA:12,0,0,0
BRDA:12,1,0,0
BRDA:161,2,0,0
BRDA:161,2,1,0
BRF:4
BRH:0
end_of_record
TN:
SF:hooks/use-color-scheme.ts
FNF:0
FNH:0
LF:0
LH:0
BRF:0
BRH:0
end_of_record
TN:
SF:hooks/use-color-scheme.web.ts
FN:7,useColorScheme
FN:10,(anonymous_1)
FNF:2
FNH:0
FNDA:0,useColorScheme
FNDA:0,(anonymous_1)
DA:8,0
DA:10,0
DA:11,0
DA:14,0
DA:16,0
DA:17,0
DA:20,0
LF:7
LH:0
BRDA:16,0,0,0
BRDA:16,0,1,0
BRF:2
BRH:0
end_of_record
TN:
SF:hooks/use-theme-color.ts
FN:9,useThemeColor
FNF:1
FNH:1
FNDA:71,useThemeColor
DA:13,71
DA:14,71
DA:16,71
DA:17,0
DA:19,71
LF:5
LH:4
BRDA:13,0,0,71
BRDA:13,0,1,0
BRDA:16,1,0,0
BRDA:16,1,1,71
BRF:4
BRH:2
end_of_record
TN:
SF:store/app-store.ts
FN:27,(anonymous_0)
FN:36,(anonymous_1)
FN:37,(anonymous_2)
FN:42,(anonymous_3)
FN:43,(anonymous_4)
FN:44,(anonymous_5)
FN:48,(anonymous_6)
FN:50,(anonymous_7)
FNF:8
FNH:0
FNDA:0,(anonymous_0)
FNDA:0,(anonymous_1)
FNDA:0,(anonymous_2)
FNDA:0,(anonymous_3)
FNDA:0,(anonymous_4)
FNDA:0,(anonymous_5)
FNDA:0,(anonymous_6)
FNDA:0,(anonymous_7)
DA:25,0
DA:27,0
DA:36,0
DA:40,0
DA:42,0
DA:43,0
DA:44,0
DA:48,0
DA:50,0
LF:9
LH:0
BRF:0
BRH:0
end_of_record
